1502149503653	geckodriver	INFO	geckodriver 0.18.0
1502149503658	geckodriver	INFO	Listening on 127.0.0.1:51260
1502149505762	geckodriver::marionette	INFO	Starting browser C:\Program Files (x86)\Mozilla Firefox\firefox.exe with args ["-marionette"]
1502149506219	addons.manager	DEBUG	Application has been upgraded
1502149506268	addons.manager	DEBUG	Loaded provider scope for resource://gre/modules/addons/XPIProvider.jsm: ["XPIProvider"]
1502149506270	addons.manager	DEBUG	Loaded provider scope for resource://gre/modules/LightweightThemeManager.jsm: ["LightweightThemeManager"]
1502149506273	addons.manager	DEBUG	Loaded provider scope for resource://gre/modules/addons/GMPProvider.jsm
1502149506276	addons.manager	DEBUG	Loaded provider scope for resource://gre/modules/addons/PluginProvider.jsm
1502149506276	addons.manager	DEBUG	Starting provider: XPIProvider
1502149506277	addons.xpi	DEBUG	startup
1502149506277	addons.xpi	INFO	Removing all system add-on upgrades.
1502149506277	addons.xpi	INFO	SystemAddonInstallLocation directory is missing
1502149506278	addons.xpi	INFO	Mapping aushelper@mozilla.org to C:\Program Files (x86)\Mozilla Firefox\browser\features\aushelper@mozilla.org.xpi
1502149506278	addons.xpi	INFO	Mapping e10srollout@mozilla.org to C:\Program Files (x86)\Mozilla Firefox\browser\features\e10srollout@mozilla.org.xpi
1502149506278	addons.xpi	INFO	Mapping firefox@getpocket.com to C:\Program Files (x86)\Mozilla Firefox\browser\features\firefox@getpocket.com.xpi
1502149506278	addons.xpi	INFO	Mapping screenshots@mozilla.org to C:\Program Files (x86)\Mozilla Firefox\browser\features\screenshots@mozilla.org.xpi
1502149506279	addons.xpi	INFO	Mapping webcompat@mozilla.org to C:\Program Files (x86)\Mozilla Firefox\browser\features\webcompat@mozilla.org.xpi
1502149506279	addons.xpi	INFO	Mapping {972ce4c6-7e08-4474-a285-3208198ce6fd} to C:\Program Files (x86)\Mozilla Firefox\browser\extensions\{972ce4c6-7e08-4474-a285-3208198ce6fd}.xpi
1502149506279	addons.xpi	DEBUG	checkForChanges
1502149506280	addons.xpi	INFO	SystemAddonInstallLocation directory is missing
1502149506280	addons.xpi	DEBUG	Loaded add-on state from prefs: {}
1502149506281	addons.xpi	DEBUG	New add-on aushelper@mozilla.org in app-system-defaults
1502149506281	addons.xpi	DEBUG	getModTime: Recursive scan of aushelper@mozilla.org
1502149506282	addons.xpi	DEBUG	New add-on e10srollout@mozilla.org in app-system-defaults
1502149506282	addons.xpi	DEBUG	getModTime: Recursive scan of e10srollout@mozilla.org
1502149506283	addons.xpi	DEBUG	New add-on firefox@getpocket.com in app-system-defaults
1502149506283	addons.xpi	DEBUG	getModTime: Recursive scan of firefox@getpocket.com
1502149506283	addons.xpi	DEBUG	New add-on screenshots@mozilla.org in app-system-defaults
1502149506283	addons.xpi	DEBUG	getModTime: Recursive scan of screenshots@mozilla.org
1502149506284	addons.xpi	DEBUG	New add-on webcompat@mozilla.org in app-system-defaults
1502149506284	addons.xpi	DEBUG	getModTime: Recursive scan of webcompat@mozilla.org
1502149506284	addons.xpi	DEBUG	New add-on {972ce4c6-7e08-4474-a285-3208198ce6fd} in app-global
1502149506284	addons.xpi	DEBUG	getModTime: Recursive scan of {972ce4c6-7e08-4474-a285-3208198ce6fd}
1502149506285	addons.xpi	DEBUG	getInstallState changed: true, state: {"app-system-defaults":{"aushelper@mozilla.org":{"d":"C:\\Program Files (x86)\\Mozilla Firefox\\browser\\features\\aushelper@mozilla.org.xpi","st":1498666862000},"e10srollout@mozilla.org":{"d":"C:\\Program Files (x86)\\Mozilla Firefox\\browser\\features\\e10srollout@mozilla.org.xpi","st":1498666862000},"firefox@getpocket.com":{"d":"C:\\Program Files (x86)\\Mozilla Firefox\\browser\\features\\firefox@getpocket.com.xpi","st":1498666863000},"screenshots@mozilla.org":{"d":"C:\\Program Files (x86)\\Mozilla Firefox\\browser\\features\\screenshots@mozilla.org.xpi","st":1498666863000},"webcompat@mozilla.org":{"d":"C:\\Program Files (x86)\\Mozilla Firefox\\browser\\features\\webcompat@mozilla.org.xpi","st":1498666862000}},"app-global":{"{972ce4c6-7e08-4474-a285-3208198ce6fd}":{"d":"C:\\Program Files (x86)\\Mozilla Firefox\\browser\\extensions\\{972ce4c6-7e08-4474-a285-3208198ce6fd}.xpi","st":1498666862000}}}
1502149506291	addons.xpi-utils	DEBUG	Opening XPI database C:\Users\THOMAS~1\AppData\Local\Temp\rust_mozprofile.qnUxARR79gj6\extensions.json
1502149506292	addons.xpi-utils	DEBUG	New add-on aushelper@mozilla.org installed in app-system-defaults
*** Blocklist::_loadBlocklistFromFile: blocklist is disabled
1502149506303	DeferredSave.extensions.json	DEBUG	Save changes
1502149506303	addons.xpi-utils	DEBUG	New add-on e10srollout@mozilla.org installed in app-system-defaults
1502149506309	DeferredSave.extensions.json	DEBUG	Starting timer
1502149506310	DeferredSave.extensions.json	DEBUG	Save changes
1502149506310	addons.xpi-utils	DEBUG	New add-on firefox@getpocket.com installed in app-system-defaults
1502149506320	DeferredSave.extensions.json	DEBUG	Save changes
1502149506320	addons.xpi-utils	DEBUG	New add-on screenshots@mozilla.org installed in app-system-defaults
1502149506329	DeferredSave.extensions.json	DEBUG	Save changes
1502149506329	addons.xpi-utils	DEBUG	New add-on webcompat@mozilla.org installed in app-system-defaults
1502149506339	DeferredSave.extensions.json	DEBUG	Save changes
1502149506339	addons.xpi-utils	DEBUG	New add-on {972ce4c6-7e08-4474-a285-3208198ce6fd} installed in app-global
1502149506346	DeferredSave.extensions.json	DEBUG	Save changes
1502149506347	addons.manager	DEBUG	Registering startup change 'installed' for aushelper@mozilla.org
1502149506356	addons.xpi	DEBUG	Loading bootstrap scope from C:\Program Files (x86)\Mozilla Firefox\browser\features\aushelper@mozilla.org.xpi
1502149506361	addons.xpi	DEBUG	Calling bootstrap method install on aushelper@mozilla.org version 2.0
1502149506361	addons.xpi-utils	DEBUG	Make addon app-system-defaults:aushelper@mozilla.org visible
1502149506361	DeferredSave.extensions.json	DEBUG	Save changes
1502149506362	addons.manager	DEBUG	Registering startup change 'installed' for e10srollout@mozilla.org
1502149506362	addons.xpi	DEBUG	Loading bootstrap scope from C:\Program Files (x86)\Mozilla Firefox\browser\features\e10srollout@mozilla.org.xpi
1502149506365	addons.xpi	DEBUG	Calling bootstrap method install on e10srollout@mozilla.org version 1.50
1502149506367	addons.xpi-utils	DEBUG	Make addon app-system-defaults:e10srollout@mozilla.org visible
1502149506367	DeferredSave.extensions.json	DEBUG	Save changes
1502149506367	addons.manager	DEBUG	Registering startup change 'installed' for firefox@getpocket.com
1502149506368	addons.xpi	DEBUG	Loading bootstrap scope from C:\Program Files (x86)\Mozilla Firefox\browser\features\firefox@getpocket.com.xpi
1502149506371	addons.xpi	DEBUG	Calling bootstrap method install on firefox@getpocket.com version 1.0.5
1502149506371	addons.xpi-utils	DEBUG	Make addon app-system-defaults:firefox@getpocket.com visible
1502149506372	DeferredSave.extensions.json	DEBUG	Save changes
1502149506372	addons.manager	DEBUG	Registering startup change 'installed' for screenshots@mozilla.org
1502149506373	addons.xpi	DEBUG	Loading bootstrap scope from C:\Program Files (x86)\Mozilla Firefox\browser\features\screenshots@mozilla.org.xpi
1502149506375	addons.xpi	DEBUG	Calling bootstrap method install on screenshots@mozilla.org version 6.6.0
1502149506375	addons.xpi-utils	DEBUG	Make addon app-system-defaults:screenshots@mozilla.org visible
1502149506375	DeferredSave.extensions.json	DEBUG	Save changes
1502149506376	addons.manager	DEBUG	Registering startup change 'installed' for webcompat@mozilla.org
1502149506376	addons.xpi	DEBUG	Loading bootstrap scope from C:\Program Files (x86)\Mozilla Firefox\browser\features\webcompat@mozilla.org.xpi
1502149506377	addons.xpi	DEBUG	Calling bootstrap method install on webcompat@mozilla.org version 1.1
1502149506377	addons.xpi-utils	DEBUG	Make addon app-system-defaults:webcompat@mozilla.org visible
1502149506378	DeferredSave.extensions.json	DEBUG	Save changes
1502149506378	addons.xpi-utils	DEBUG	Make addon app-global:{972ce4c6-7e08-4474-a285-3208198ce6fd} visible
1502149506378	DeferredSave.extensions.json	DEBUG	Save changes
1502149506379	addons.xpi	DEBUG	Updating XPIState for {"id":"aushelper@mozilla.org","syncGUID":"{54319237-e72e-40ec-953e-f2fb236b1197}","location":"app-system-defaults","version":"2.0","type":"extension","internalName":null,"updateURL":null,"updateKey":null,"optionsURL":null,"optionsType":null,"aboutURL":null,"icons":{},"iconURL":null,"icon64URL":null,"defaultLocale":{"name":"Application Update Service Helper","description":"Sets value(s) in the update url based on custom checks.","creator":null,"homepageURL":null},"visible":true,"active":true,"userDisabled":false,"appDisabled":false,"descriptor":"C:\\Program Files (x86)\\Mozilla Firefox\\browser\\features\\aushelper@mozilla.org.xpi","installDate":1498666862000,"updateDate":1498666862000,"applyBackgroundUpdates":1,"bootstrap":true,"skinnable":false,"size":8488,"sourceURI":null,"releaseNotesURI":null,"softDisabled":false,"foreignInstall":false,"hasBinaryComponents":false,"strictCompatibility":false,"locales":[],"targetApplications":[{"id":"{ec8030f7-c20a-464f-9b0e-13a3a9e97384}","minVersion":"54.0.1","maxVersion":"54.*"}],"targetPlatforms":[],"multiprocessCompatible":true,"seen":true,"dependencies":[],"hasEmbeddedWebExtension":false,"mpcOptedOut":false,"userPermissions":null}
1502149506379	addons.xpi	DEBUG	getModTime: Recursive scan of aushelper@mozilla.org
1502149506379	addons.xpi	DEBUG	Updating XPIState for {"id":"e10srollout@mozilla.org","syncGUID":"{9676941e-994b-4a8d-84ae-b610d0734915}","location":"app-system-defaults","version":"1.50","type":"extension","internalName":null,"updateURL":null,"updateKey":null,"optionsURL":null,"optionsType":null,"aboutURL":null,"icons":{},"iconURL":null,"icon64URL":null,"defaultLocale":{"name":"Multi-process staged rollout","description":"Staged rollout of Firefox multi-process feature.","creator":null,"homepageURL":null},"visible":true,"active":true,"userDisabled":false,"appDisabled":false,"descriptor":"C:\\Program Files (x86)\\Mozilla Firefox\\browser\\features\\e10srollout@mozilla.org.xpi","installDate":1498666862000,"updateDate":1498666862000,"applyBackgroundUpdates":1,"bootstrap":true,"skinnable":false,"size":12519,"sourceURI":null,"releaseNotesURI":null,"softDisabled":false,"foreignInstall":false,"hasBinaryComponents":false,"strictCompatibility":false,"locales":[],"targetApplications":[{"id":"{ec8030f7-c20a-464f-9b0e-13a3a9e97384}","minVersion":"54.0.1","maxVersion":"54.*"}],"targetPlatforms":[],"multiprocessCompatible":true,"seen":true,"dependencies":[],"hasEmbeddedWebExtension":false,"mpcOptedOut":false,"userPermissions":null}
1502149506379	addons.xpi	DEBUG	getModTime: Recursive scan of e10srollout@mozilla.org
1502149506379	addons.xpi	DEBUG	Updating XPIState for {"id":"firefox@getpocket.com","syncGUID":"{31c993bd-e3fa-4ac8-b58e-6c86864db9dd}","location":"app-system-defaults","version":"1.0.5","type":"extension","internalName":null,"updateURL":null,"updateKey":null,"optionsURL":null,"optionsType":null,"aboutURL":null,"icons":{},"iconURL":null,"icon64URL":null,"defaultLocale":{"name":"Pocket","description":"When you find something you want to view later, put it in Pocket.","creator":null,"homepageURL":null},"visible":true,"active":true,"userDisabled":false,"appDisabled":false,"descriptor":"C:\\Program Files (x86)\\Mozilla Firefox\\browser\\features\\firefox@getpocket.com.xpi","installDate":1498666863000,"updateDate":1498666863000,"applyBackgroundUpdates":1,"bootstrap":true,"skinnable":false,"size":913906,"sourceURI":null,"releaseNotesURI":null,"softDisabled":false,"foreignInstall":false,"hasBinaryComponents":false,"strictCompatibility":false,"locales":[],"targetApplications":[{"id":"{ec8030f7-c20a-464f-9b0e-13a3a9e97384}","minVersion":"54.0.1","maxVersion":"54.*"}],"targetPlatforms":[],"multiprocessCompatible":true,"seen":true,"dependencies":[],"hasEmbeddedWebExtension":false,"mpcOptedOut":false,"userPermissions":null}
1502149506379	addons.xpi	DEBUG	getModTime: Recursive scan of firefox@getpocket.com
1502149506380	addons.xpi	DEBUG	Updating XPIState for {"id":"screenshots@mozilla.org","syncGUID":"{82296436-0bdb-43bb-a064-3af35d7d058e}","location":"app-system-defaults","version":"6.6.0","type":"extension","internalName":null,"updateURL":null,"updateKey":null,"optionsURL":null,"optionsType":null,"aboutURL":null,"icons":{},"iconURL":null,"icon64URL":null,"defaultLocale":{"name":"Firefox Screenshots","description":null,"creator":null,"homepageURL":"https://pageshot.net/"},"visible":true,"active":true,"userDisabled":false,"appDisabled":false,"descriptor":"C:\\Program Files (x86)\\Mozilla Firefox\\browser\\features\\screenshots@mozilla.org.xpi","installDate":1498666863000,"updateDate":1498666863000,"applyBackgroundUpdates":1,"bootstrap":true,"skinnable":false,"size":716271,"sourceURI":null,"releaseNotesURI":null,"softDisabled":false,"foreignInstall":false,"hasBinaryComponents":false,"strictCompatibility":false,"locales":[],"targetApplications":[{"id":"{ec8030f7-c20a-464f-9b0e-13a3a9e97384}","minVersion":"51.0a1","maxVersion":"*"}],"targetPlatforms":[],"multiprocessCompatible":true,"seen":true,"dependencies":[],"hasEmbeddedWebExtension":false,"mpcOptedOut":false,"userPermissions":null}
1502149506380	addons.xpi	DEBUG	getModTime: Recursive scan of screenshots@mozilla.org
1502149506380	addons.xpi	DEBUG	Updating XPIState for {"id":"webcompat@mozilla.org","syncGUID":"{098e1de5-7648-46bb-b070-fe2d877aacd4}","location":"app-system-defaults","version":"1.1","type":"extension","internalName":null,"updateURL":null,"updateKey":null,"optionsURL":null,"optionsType":null,"aboutURL":null,"icons":{},"iconURL":null,"icon64URL":null,"defaultLocale":{"name":"Web Compat","description":"Urgent post-release fixes for web compatibility.","creator":null,"homepageURL":null},"visible":true,"active":true,"userDisabled":false,"appDisabled":false,"descriptor":"C:\\Program Files (x86)\\Mozilla Firefox\\browser\\features\\webcompat@mozilla.org.xpi","installDate":1498666862000,"updateDate":1498666862000,"applyBackgroundUpdates":1,"bootstrap":true,"skinnable":false,"size":9006,"sourceURI":null,"releaseNotesURI":null,"softDisabled":false,"foreignInstall":false,"hasBinaryComponents":false,"strictCompatibility":false,"locales":[],"targetApplications":[{"id":"{ec8030f7-c20a-464f-9b0e-13a3a9e97384}","minVersion":"54.0.1","maxVersion":"54.*"}],"targetPlatforms":[],"multiprocessCompatible":true,"seen":true,"dependencies":[],"hasEmbeddedWebExtension":false,"mpcOptedOut":false,"userPermissions":null}
1502149506380	addons.xpi	DEBUG	getModTime: Recursive scan of webcompat@mozilla.org
1502149506381	addons.xpi	DEBUG	Updating XPIState for {"id":"{972ce4c6-7e08-4474-a285-3208198ce6fd}","syncGUID":"{b83b7911-1e4e-4173-8ecd-f4f8e47e9c91}","location":"app-global","version":"54.0.1","type":"theme","internalName":"classic/1.0","updateURL":null,"updateKey":null,"optionsURL":null,"optionsType":null,"aboutURL":null,"icons":{},"iconURL":"chrome://browser/content/default-theme-icon.svg","icon64URL":null,"defaultLocale":{"name":"Default","description":"The default theme.","creator":"Mozilla","homepageURL":null,"contributors":["Mozilla Contributors"]},"visible":true,"active":true,"userDisabled":false,"appDisabled":false,"descriptor":"C:\\Program Files (x86)\\Mozilla Firefox\\browser\\extensions\\{972ce4c6-7e08-4474-a285-3208198ce6fd}.xpi","installDate":1498666862000,"updateDate":1498666862000,"applyBackgroundUpdates":1,"skinnable":true,"size":8207,"sourceURI":null,"releaseNotesURI":null,"softDisabled":false,"foreignInstall":false,"hasBinaryComponents":false,"strictCompatibility":true,"locales":[],"targetApplications":[{"id":"{ec8030f7-c20a-464f-9b0e-13a3a9e97384}","minVersion":"54.0.1","maxVersion":"54.0.1"}],"targetPlatforms":[],"seen":true,"dependencies":[],"hasEmbeddedWebExtension":false,"userPermissions":null}
1502149506381	addons.xpi	DEBUG	getModTime: Recursive scan of {972ce4c6-7e08-4474-a285-3208198ce6fd}
1502149506381	DeferredSave.extensions.json	DEBUG	Save changes
1502149506382	addons.xpi	DEBUG	Updating database with changes to installed add-ons
1502149506382	addons.xpi-utils	DEBUG	Updating add-on states
1502149506382	addons.xpi-utils	DEBUG	Writing add-ons list
1502149506384	addons.xpi	DEBUG	Registering manifest for C:\Program Files (x86)\Mozilla Firefox\browser\features\aushelper@mozilla.org.xpi
1502149506385	addons.xpi	DEBUG	Calling bootstrap method startup on aushelper@mozilla.org version 2.0
1502149506386	addons.xpi	DEBUG	Registering manifest for C:\Program Files (x86)\Mozilla Firefox\browser\features\e10srollout@mozilla.org.xpi
1502149506386	addons.xpi	DEBUG	Calling bootstrap method startup on e10srollout@mozilla.org version 1.50
1502149506387	addons.xpi	DEBUG	Registering manifest for C:\Program Files (x86)\Mozilla Firefox\browser\features\firefox@getpocket.com.xpi
1502149506387	addons.xpi	DEBUG	Calling bootstrap method startup on firefox@getpocket.com version 1.0.5
1502149506388	addons.xpi	DEBUG	Registering manifest for C:\Program Files (x86)\Mozilla Firefox\browser\features\screenshots@mozilla.org.xpi
1502149506388	addons.xpi	DEBUG	Calling bootstrap method startup on screenshots@mozilla.org version 6.6.0
1502149506388	addons.xpi	DEBUG	Registering manifest for C:\Program Files (x86)\Mozilla Firefox\browser\features\webcompat@mozilla.org.xpi
1502149506389	addons.xpi	DEBUG	Calling bootstrap method startup on webcompat@mozilla.org version 1.1
1502149506393	addons.manager	DEBUG	Registering shutdown blocker for XPIProvider
1502149506393	addons.manager	DEBUG	Provider finished startup: XPIProvider
1502149506394	addons.manager	DEBUG	Starting provider: LightweightThemeManager
1502149506394	addons.manager	DEBUG	Registering shutdown blocker for LightweightThemeManager
1502149506394	addons.manager	DEBUG	Provider finished startup: LightweightThemeManager
1502149506395	addons.manager	DEBUG	Starting provider: GMPProvider
1502149506398	addons.manager	DEBUG	Registering shutdown blocker for GMPProvider
1502149506399	addons.manager	DEBUG	Provider finished startup: GMPProvider
1502149506399	addons.manager	DEBUG	Starting provider: PluginProvider
1502149506399	addons.manager	DEBUG	Registering shutdown blocker for PluginProvider
1502149506399	addons.manager	DEBUG	Provider finished startup: PluginProvider
1502149506399	addons.manager	DEBUG	Completed startup sequence
[GFX1]: Potential driver version mismatch ignored due to missing DLLs igd10umd32 v= and igd10iumd32.dll v=0.0.0.0
1502149506787	addons.manager	DEBUG	Starting provider: <unnamed-provider>
1502149506788	addons.manager	DEBUG	Registering shutdown blocker for <unnamed-provider>
1502149506788	addons.manager	DEBUG	Provider finished startup: <unnamed-provider>
1502149506837	addons.manager	DEBUG	Starting provider: PreviousExperimentProvider
1502149506837	addons.manager	DEBUG	Registering shutdown blocker for PreviousExperimentProvider
1502149506837	addons.manager	DEBUG	Provider finished startup: PreviousExperimentProvider
1502149506840	DeferredSave.extensions.json	DEBUG	Starting write
1502149507058	DeferredSave.extensions.json	DEBUG	Write succeeded
1502149507059	addons.xpi-utils	DEBUG	XPI Database saved, setting schema version preference to 19
[GFX1]: Potential driver version mismatch ignored due to missing DLLs igd10umd32 v= and igd10iumd32.dll v=0.0.0.0
1502149508322	Marionette	INFO	Listening on port 51266
[GPU 32092] WARNING: pipe error: 109: file c:/builds/moz2_slave/m-rel-w32-00000000000000000000/build/src/ipc/chromium/src/chrome/common/ipc_channel_win.cc, line 346
1502149508906	Marionette	WARN	TLS certificate errors will be ignored for this session
1502149508947	Marionette	DEBUG	loaded listener.js
1502149514426	Marionette	DEBUG	Received DOM event "beforeunload" for "about:blank"
1502149515399	Marionette	DEBUG	Received DOM event "pagehide" for "about:blank"
1502149515399	Marionette	DEBUG	Received DOM event "unload" for "about:blank"
1502149517086	Marionette	DEBUG	Received DOM event "DOMContentLoaded" for "https://myccadevau-promo.aus.ccamatil.com/"
1502149517956	Marionette	DEBUG	Received DOM event "DOMContentLoaded" for "https://myccadevau-promo.aus.ccamatil.com/"
1502149517977	Marionette	DEBUG	Received DOM event "pageshow" for "https://myccadevau-promo.aus.ccamatil.com/"
1502149518433	Marionette	DEBUG	Received DOM event "DOMContentLoaded" for "https://secure.livechatinc.com/licence/1083225/open_chat.cgi?groups=1&embedded=1&newWebserv=undefined&__lc_vv=2&session_id=S1502149517.fb473e668a&server=secure.livechatinc.com#https://myccadevau-promo.aus.ccamatil.com/"
1502149518435	Marionette	DEBUG	Received DOM event "pageshow" for "https://secure.livechatinc.com/licence/1083225/open_chat.cgi?groups=1&embedded=1&newWebserv=undefined&__lc_vv=2&session_id=S1502149517.fb473e668a&server=secure.livechatinc.com#https://myccadevau-promo.aus.ccamatil.com/"
1502149519927	Marionette	DEBUG	Received DOM event "pageshow" for "https://myccadevau-promo.aus.ccamatil.com/"
1502149520019	Marionette	DEBUG	Received DOM event "beforeunload" for "https://myccadevau-promo.aus.ccamatil.com/"
1502149520339	Marionette	DEBUG	Received DOM event "pagehide" for "https://myccadevau-promo.aus.ccamatil.com/"
1502149520345	Marionette	DEBUG	Received DOM event "unload" for "https://myccadevau-promo.aus.ccamatil.com/"
1502149521341	Marionette	DEBUG	Received DOM event "DOMContentLoaded" for "https://myccadevau-promo.aus.ccamatil.com/login"
1502149521361	Marionette	DEBUG	Received observer notification "outer-window-destroyed" for "2147483656"
1502149521362	Marionette	DEBUG	Received observer notification "outer-window-destroyed" for "2147483658"
1502149521738	Marionette	DEBUG	Received DOM event "DOMContentLoaded" for "https://myccadevau-promo.aus.ccamatil.com/login"
1502149521751	Marionette	DEBUG	Received DOM event "pageshow" for "https://myccadevau-promo.aus.ccamatil.com/login"
1502149522144	Marionette	DEBUG	Received DOM event "DOMContentLoaded" for "https://secure.livechatinc.com/licence/1083225/open_chat.cgi?groups=1&embedded=1&newWebserv=undefined&__lc_vv=2&session_id=S1502149517.fb473e668a&server=secure.livechatinc.com#https://myccadevau-promo.aus.ccamatil.com/login"
1502149522147	Marionette	DEBUG	Received DOM event "pageshow" for "https://secure.livechatinc.com/licence/1083225/open_chat.cgi?groups=1&embedded=1&newWebserv=undefined&__lc_vv=2&session_id=S1502149517.fb473e668a&server=secure.livechatinc.com#https://myccadevau-promo.aus.ccamatil.com/login"
1502149522160	Marionette	DEBUG	Received DOM event "pageshow" for "https://myccadevau-promo.aus.ccamatil.com/login"
1502149522685	Marionette	DEBUG	Received DOM event "beforeunload" for "https://myccadevau-promo.aus.ccamatil.com/login"
1502149527891	Marionette	DEBUG	Canceled page load listener because no navigation has been detected
1502149552218	addons.xpi	DEBUG	Calling bootstrap method shutdown on webcompat@mozilla.org version 1.1
1502149552219	addons.xpi	DEBUG	Calling bootstrap method shutdown on screenshots@mozilla.org version 6.6.0
1502149552220	addons.xpi	DEBUG	Calling bootstrap method shutdown on firefox@getpocket.com version 1.0.5
1502149552222	addons.xpi	DEBUG	Calling bootstrap method shutdown on e10srollout@mozilla.org version 1.50
1502149552223	addons.xpi	DEBUG	Calling bootstrap method shutdown on aushelper@mozilla.org version 2.0
IPDL protocol error: Handler returned error code!

###!!! [Parent][DispatchAsyncMessage] Error: PLayerTransaction::Msg_ReleaseLayer Processing error: message was deserialized, but the handler returned false (indicating failure)

[GPU 32092] WARNING: pipe error: 109: file c:/builds/moz2_slave/m-rel-w32-00000000000000000000/build/src/ipc/chromium/src/chrome/common/ipc_channel_win.cc, line 346
[Child 36380] WARNING: pipe error: 109: file c:/builds/moz2_slave/m-rel-w32-00000000000000000000/build/src/ipc/chromium/src/chrome/common/ipc_channel_win.cc, line 346
1502149552358	addons.manager	DEBUG	shutdown
1502149552359	addons.manager	DEBUG	Calling shutdown blocker for XPIProvider
1502149552359	addons.xpi	DEBUG	shutdown
1502149552359	addons.xpi-utils	DEBUG	shutdown
1502149552361	addons.manager	DEBUG	Calling shutdown blocker for LightweightThemeManager
1502149552361	addons.manager	DEBUG	Calling shutdown blocker for GMPProvider
1502149552363	addons.manager	DEBUG	Calling shutdown blocker for PluginProvider
1502149552364	addons.manager	DEBUG	Calling shutdown blocker for <unnamed-provider>
1502149552365	addons.manager	DEBUG	Calling shutdown blocker for PreviousExperimentProvider
1502149552367	addons.xpi	DEBUG	Notifying XPI shutdown observers
1502149552370	addons.manager	DEBUG	Async provider shutdown done
1502149552510	Marionette	INFO	Ceased listening

###!!! [Child][MessageChannel::SendAndWait] Error: Channel error: cannot send/recv

